\BOOKMARK [1][-]{section*.1}{\376\377\000A\000b\000s\000t\000r\000a\000c\000t}{}% 1
\BOOKMARK [1][-]{section.1}{\376\377\0001\000\040\000I\000n\000t\000r\000o\000d\000u\000c\000t\000i\000o\000n}{}% 2
\BOOKMARK [1][-]{section.2}{\376\377\0002\000\040\000M\000o\000t\000i\000v\000a\000t\000i\000o\000n}{}% 3
\BOOKMARK [2][-]{subsection.2.1}{\376\377\0002\000.\0001\000\040\000M\000o\000t\000i\000v\000a\000t\000i\000n\000g\000\040\000E\000x\000a\000m\000p\000l\000e\000s}{section.2}% 4
\BOOKMARK [2][-]{subsection.2.2}{\376\377\0002\000.\0002\000\040\000K\000e\000y\000\040\000I\000d\000e\000a\000s}{section.2}% 5
\BOOKMARK [1][-]{section.3}{\376\377\0003\000\040\000N\000e\000u\000r\000e\000x\000\040\000O\000v\000e\000r\000v\000i\000e\000w}{}% 6
\BOOKMARK [1][-]{section.4}{\376\377\0004\000\040\000X\000B\000l\000o\000c\000k\000:\000\040\000T\000r\000y\000-\000C\000a\000t\000c\000h\000\040\000N\000e\000c\000e\000s\000s\000i\000t\000y\000\040\000C\000h\000e\000c\000k\000e\000r}{}% 7
\BOOKMARK [1][-]{section.5}{\376\377\0005\000\040\000X\000S\000t\000a\000t\000e\000:\000\040\000T\000r\000y\000-\000C\000a\000t\000c\000h\000\040\000S\000t\000a\000t\000e\000m\000e\000n\000t\000\040\000D\000e\000t\000e\000c\000t\000o\000r}{}% 8
\BOOKMARK [1][-]{section.6}{\376\377\0006\000\040\000X\000T\000y\000p\000e\000:\000\040\000E\000x\000c\000e\000p\000t\000i\000o\000n\000\040\000T\000y\000p\000e\000\040\000R\000e\000c\000o\000m\000m\000e\000n\000d\000e\000r}{}% 9
\BOOKMARK [1][-]{section.7}{\376\377\0007\000\040\000M\000u\000l\000t\000i\000-\000t\000a\000s\000k\000\040\000L\000e\000a\000r\000n\000i\000n\000g}{}% 10
\BOOKMARK [1][-]{section.8}{\376\377\0008\000\040\000E\000m\000p\000i\000r\000i\000c\000a\000l\000\040\000E\000v\000a\000l\000u\000a\000t\000i\000o\000n}{}% 11
\BOOKMARK [2][-]{subsection.8.1}{\376\377\0008\000.\0001\000\040\000R\000e\000s\000e\000a\000r\000c\000h\000\040\000Q\000u\000e\000s\000t\000i\000o\000n\000s}{section.8}% 12
\BOOKMARK [2][-]{subsection.8.2}{\376\377\0008\000.\0002\000\040\000E\000m\000p\000i\000r\000i\000c\000a\000l\000\040\000M\000e\000t\000h\000o\000d\000o\000l\000o\000g\000y}{section.8}% 13
\BOOKMARK [1][-]{section.9}{\376\377\0009\000\040\000E\000m\000p\000i\000r\000i\000c\000a\000l\000\040\000R\000e\000s\000u\000l\000t\000s}{}% 14
\BOOKMARK [2][-]{subsection.9.1}{\376\377\0009\000.\0001\000\040\000C\000o\000m\000p\000a\000r\000i\000s\000o\000n\000\040\000o\000n\000\040\000T\000r\000y\000-\000C\000a\000t\000c\000h\000\040\000N\000e\000c\000e\000s\000s\000i\000t\000y\000\040\000C\000h\000e\000c\000k\000i\000n\000g\000\040\000E\000f\000f\000e\000c\000t\000i\000v\000e\000n\000e\000s\000s\000\040\000\050\000R\000Q\0001\000\051}{section.9}% 15
\BOOKMARK [2][-]{subsection.9.2}{\376\377\0009\000.\0002\000\040\000T\000r\000y\000-\000C\000a\000t\000c\000h\000\040\000S\000t\000a\000t\000e\000m\000e\000n\000t\000\040\000D\000e\000t\000e\000c\000t\000i\000o\000n\000\040\000\050\000R\000Q\0002\000\051}{section.9}% 16
\BOOKMARK [2][-]{subsection.9.3}{\376\377\0009\000.\0003\000\040\000E\000x\000c\000e\000p\000t\000i\000o\000n\000\040\000T\000y\000p\000e\000\040\000R\000e\000c\000o\000m\000m\000e\000n\000d\000a\000t\000i\000o\000n\000\040\000\050\000R\000Q\0003\000\051}{section.9}% 17
\BOOKMARK [2][-]{subsection.9.4}{\376\377\0009\000.\0004\000\040\000A\000b\000l\000a\000t\000i\000o\000n\000\040\000S\000t\000u\000d\000y\000\040\000\050\000R\000Q\0004\000\051}{section.9}% 18
\BOOKMARK [2][-]{subsection.9.5}{\376\377\0009\000.\0005\000\040\000E\000x\000c\000e\000p\000t\000i\000o\000n\000-\000R\000e\000l\000a\000t\000e\000d\000\040\000B\000u\000g\000\040\000D\000e\000t\000e\000c\000t\000i\000o\000n\000\040\000\050\000R\000Q\0005\000\051}{section.9}% 19
\BOOKMARK [1][-]{section.10}{\376\377\0001\0000\000\040\000R\000e\000l\000a\000t\000e\000d\000\040\000W\000o\000r\000k}{}% 20
\BOOKMARK [1][-]{section.11}{\376\377\0001\0001\000\040\000C\000o\000n\000c\000l\000u\000s\000i\000o\000n}{}% 21
\BOOKMARK [1][-]{section*.27}{\376\377\000R\000e\000f\000e\000r\000e\000n\000c\000e\000s}{}% 22
